{"total": {"lines":{"total":685,"covered":528,"skipped":0,"pct":77.08},"statements":{"total":685,"covered":528,"skipped":0,"pct":77.08},"functions":{"total":13,"covered":13,"skipped":0,"pct":100},"branches":{"total":177,"covered":122,"skipped":0,"pct":68.92},"branchesTrue":{"total":0,"covered":0,"skipped":0,"pct":"Unknown"}}
,"/Users/n15318/PUDA_workflow_engine/apps/api/src/payments.ts": {"lines":{"total":322,"covered":297,"skipped":0,"pct":92.23},"functions":{"total":11,"covered":11,"skipped":0,"pct":100},"statements":{"total":322,"covered":297,"skipped":0,"pct":92.23},"branches":{"total":115,"covered":85,"skipped":0,"pct":73.91}}
,"/Users/n15318/PUDA_workflow_engine/apps/api/src/workflow.ts": {"lines":{"total":363,"covered":231,"skipped":0,"pct":63.63},"functions":{"total":2,"covered":2,"skipped":0,"pct":100},"statements":{"total":363,"covered":231,"skipped":0,"pct":63.63},"branches":{"total":62,"covered":37,"skipped":0,"pct":59.67}}
}
